<?xml version="1.0" encoding="UTF-8"?>
<!-- Generated by org.testng.reporters.JUnitXMLReporter -->
<testsuite ignored="0" hostname="DESKTOP-NDG0I62" failures="0" tests="4" name="Test1" time="0.038" errors="0" timestamp="2022-01-14T18:52:26 EET">
  <testcase classname="Demo.GroupTests" name="test1" time="0.005"/>
  <testcase classname="Demo.GroupTests" name="test2" time="0.001"/>
  <testcase classname="Demo.GroupTests" name="test3" time="0.001"/>
  <testcase classname="Demo.GroupTests" name="test4" time="0.001"/>
</testsuite> <!-- Test1 -->
