<?xml version="1.0" encoding="UTF-8"?>
<testng-results ignored="0" total="1" passed="1" failed="0" skipped="0">
  <reporter-output>
  </reporter-output>
  <suite started-at="2022-01-15T12:04:38 EET" name="Default suite" finished-at="2022-01-15T12:04:47 EET" duration-ms="9130">
    <groups>
    </groups>
    <test started-at="2022-01-15T12:04:38 EET" name="Default test" finished-at="2022-01-15T12:04:47 EET" duration-ms="9130">
      <class name="Demo.UntitledTestCase">
        <test-method is-config="true" signature="setUp()[pri:0, instance:Demo.UntitledTestCase@1ed6388a]" started-at="2022-01-15T12:04:38 EET" name="setUp" finished-at="2022-01-15T12:04:40 EET" duration-ms="2094" status="PASS">
          <reporter-output>
          </reporter-output>
        </test-method> <!-- setUp -->
        <test-method signature="testUntitledTestCase()[pri:0, instance:Demo.UntitledTestCase@1ed6388a]" started-at="2022-01-15T12:04:40 EET" name="testUntitledTestCase" finished-at="2022-01-15T12:04:46 EET" duration-ms="6727" status="PASS">
          <reporter-output>
          </reporter-output>
        </test-method> <!-- testUntitledTestCase -->
        <test-method is-config="true" signature="tearDown()[pri:0, instance:Demo.UntitledTestCase@1ed6388a]" started-at="2022-01-15T12:04:46 EET" name="tearDown" finished-at="2022-01-15T12:04:47 EET" duration-ms="277" status="PASS">
          <reporter-output>
          </reporter-output>
        </test-method> <!-- tearDown -->
      </class> <!-- Demo.UntitledTestCase -->
    </test> <!-- Default test -->
  </suite> <!-- Default suite -->
</testng-results>
